<?xml version="1.0" encoding="UTF-8"?>
<testng-results skipped="0" failed="0" ignored="0" total="1" passed="1">
  <reporter-output>
  </reporter-output>
  <suite name="RBC Test Cases" duration-ms="36076" started-at="2018-08-27T15:12:04Z" finished-at="2018-08-27T15:12:40Z">
    <groups>
    </groups>
    <test name="Magic Mouse - Purchase Test" duration-ms="36076" started-at="2018-08-27T15:12:04Z" finished-at="2018-08-27T15:12:40Z">
      <class name="com.demo.automation.testcases.PurchaseTest">
        <test-method status="PASS" signature="initialize()[pri:0, instance:com.demo.automation.testcases.PurchaseTest@313ac989]" name="initialize" is-config="true" duration-ms="4638" started-at="2018-08-27T15:12:04Z" finished-at="2018-08-27T15:12:09Z">
          <reporter-output>
          </reporter-output>
        </test-method> <!-- initialize -->
        <test-method status="PASS" signature="purchaseMagicMouse(java.lang.String, int, java.lang.String, java.lang.String, java.lang.String, java.lang.String, java.lang.String, java.lang.String, java.lang.String, java.lang.String, java.lang.String, java.lang.String)[pri:0, instance:com.demo.automation.testcases.PurchaseTest@313ac989]" name="purchaseMagicMouse" duration-ms="29889" started-at="2018-08-27T15:12:09Z" data-provider="getData" finished-at="2018-08-27T15:12:39Z">
          <params>
            <param index="0">
              <value>
                <![CDATA[Magic Mouse]]>
              </value>
            </param>
            <param index="1">
              <value>
                <![CDATA[1]]>
              </value>
            </param>
            <param index="2">
              <value>
                <![CDATA[RohitK@testmail.com]]>
              </value>
            </param>
            <param index="3">
              <value>
                <![CDATA[Rohit]]>
              </value>
            </param>
            <param index="4">
              <value>
                <![CDATA[Kumar]]>
              </value>
            </param>
            <param index="5">
              <value>
                <![CDATA[60 Palomino Drive]]>
              </value>
            </param>
            <param index="6">
              <value>
                <![CDATA[Mississauga]]>
              </value>
            </param>
            <param index="7">
              <value>
                <![CDATA[Ontario]]>
              </value>
            </param>
            <param index="8">
              <value>
                <![CDATA[Canada]]>
              </value>
            </param>
            <param index="9">
              <value>
                <![CDATA[K1S5B7]]>
              </value>
            </param>
            <param index="10">
              <value>
                <![CDATA[6472897684]]>
              </value>
            </param>
            <param index="11">
              <value>
                <![CDATA[true]]>
              </value>
            </param>
          </params>
          <reporter-output>
          </reporter-output>
        </test-method> <!-- purchaseMagicMouse -->
        <test-method status="PASS" signature="tearDown(org.testng.ITestResult)[pri:0, instance:com.demo.automation.testcases.PurchaseTest@313ac989]" name="tearDown" is-config="true" duration-ms="666" started-at="2018-08-27T15:12:39Z" finished-at="2018-08-27T15:12:40Z">
          <params>
            <param index="0">
              <value>
                <![CDATA[[TestResult name=purchaseMagicMouse status=SUCCESS method=PurchaseTest.purchaseMagicMouse(java.lang.String, int, java.lang.String, java.lang.String, java.lang.String, java.lang.String, java.lang.String, java.lang.String, java.lang.String, java.lang.String, java.lang.String, java.lang.String)[pri:0, instance:com.demo.automation.testcases.PurchaseTest@313ac989] output={null}]]]>
              </value>
            </param>
          </params>
          <reporter-output>
          </reporter-output>
        </test-method> <!-- tearDown -->
      </class> <!-- com.demo.automation.testcases.PurchaseTest -->
    </test> <!-- Magic Mouse - Purchase Test -->
  </suite> <!-- RBC Test Cases -->
</testng-results>
